##########################################################################
# Yet Another Monitor (YAMon)
# Copyright (c) 2013-present Al Caughey
# All rights reserved.
#
# Summary of changes in YAMon

* History
  > 2026-06-18: 4.0.8
	+ backupYAMon4.sh - tweaks, pass option to enable unpacking process.
	+ add logging to check-network.sh, calculate-daily-totals.sh, end-of-day.sh, end-of-hour.sh,
	    in-unlimited.sh, setupIPChains.sh, shared.sh, new-billing-interval.sh, start.sh,
	    update-live-data.sh,
	+ end-of-day.sh -  Fix subtle bug in GetField that broke sed statements.
	    Recode to add updated timestamps string, switch between active '0' and '1' fixed.
	    Also delete entries older than (default) 30 days, set in config.file
	    _usebydate='30' # Check age of user.js entries, delete after 30 days (the default value)
	+ setup4.0.8.sh: Add statement to set _usebydate='30' option. Add NB re fixes.sh. Auto start
	     YAMon on completion - don't ask - just do
	+ shared.sh Rework ChangePath to add an "updated" tag.
	    Add CalcReportSpan() for logging and debug purposes.
	    LogEndOfFunction() becomes FunctionUsage()
	    Rework AddEntry()
	    GetField() move || statements to {sub ; shell} - subtle bug polluting return value.
	+ new-day.sh: Bug fix:- Add missing _liveArchiveFilePath update line.
	+ traffic ov test :  group statements for completeness.
	+ new-day.sh: rework header (old / new code)
	+ new-hour.sh: refine //Hour header - debugging / timing / issues
	+ update-live-data.sh, update-reports, traffic.sh : rework logging time spans - use CalcReportSpan()
	+ Add yamon4.0.7.html and yamon4.0.8.html as index.html alternatives.
	+ add local jQuery libraries - maybe selected manually.
	+ symlink creation - YAFix -n and %/ to ensure no recursive symlinks! This time Gadget!

  > 2026-06-09: 4.0.8
	+ Revisit the local / remote file code because it basically wasn't working - limping along would be the
	    kindest description.
	+ Enabled the doLocalFiles switch. (as part of the above comment) _domain and _doLocalFiles in config.file
	+ duplicate the intro.php file section locally (again, all for the dual location switch)
	+ add more verbose logging (using mouse over pop-up on the logs date (HH:MM:SS)
	      end-of-day.sh end-of-hour.sh new-day.sh new-hour.sh shared.sh traffic.sh pause.sh start.sh 
	      update-live-data.sh update-reports.sh check-network.sh start-stop.sh
	      ... others to be adjusted later.
	+ add a debug switch to turn the above "File : Function: LINENO " debug information off
	+ start adjusting variable names to human readable strings. starting with prompts.sh
		+ Short and obscure is okay if you're familiar with the code
		+ Long and verbose might chew up some memory, but it makes debugging the code so much easier!
	+ Fix a longstanding bug in live-updates.sh
	+ Add backupYAMon4.sh to ensure a complete, reproducable installation. ie:- A full snapshot of all files
	     Capture existing files, don't rely on symlinks pointing to none / or newer data.
	+ check-network.sh: Fix oddball case issue and tweak CheckMacIP4Duplicates()
	+ Move html header code to one location --> shared.sh. Replace original blocks in end-of-hour.sh and new-day.sh
		with function call HtmlHeader()
	+ traffic.sh:  Fix ov (oldvalue?) bug. For whatever reason ov can fail - we reset it to last value and carry on.
	    It seems to repair itself quickly.
	    Also switch off ipv6 - as Al C. originally had.
	+ install.sh: change hardcoded /optYAMon4 to d_baseDir logic
	+ setPaths: POSIX compliance - fix typo (mine)
	+ setup4.0.8.sh: For debugging - Add extra naming to validate.sh calls.
	    add _doLocalFiles and _domain default values with options to change them. - goes with default-config and config files,
	+ start.sh: add extra values (_domain, _doLocalFiles) to generated config4.0.js file. Also missing errorThrown var for util4.0.js
	    add current directory for intro.php and other reqd .php files - to satisfy Als util4.0.js shims.
	+ update-live-data.js: Fix broken dpct expression (overlay, not /) allow for garbage response - Send2Log if req'd.
	    Fixes long standing $doArchiveLiveUpdates error!
	+update-reports.sh:  Add call to flush arp cache. unknow MAC issues.
	+ logs.css: Add unused data-title for pop-ups. Default display seems good enough for the moment.
	+ FIXME
	+ util4.0.js: Re-add Activ8me monthly code.
	+ yamon4.0.js: dropped some added code - will need to relook at this and util4.0.js. Lots of people have made tweaks
	  Its hard to keep up with what's worthwhile. This is Als current/code
	+ FIXME
	+ yamon4.0.html It's a mess. But a working mess. Code flow for jav is the issue, especially when using different browsers.

  > 2026-05-22: 4.0.8
    + Multiple changes.
	+ The whole reason for forking Als code base was to allow it to fetch the files (change http-> https) to
	+ do the actual install, and also to incorporate my local ISP in the .js code.
	+ Bug fixes, code additions, tweaks... See the github commit history if you need to drill
	+ down into my mind / the code.
  > 2020-01-26: 4.0.7
    + a number of changes in various files to better support Tomato (thx to tvlz for this)
	+ fixed users_created error
	+ added prompt in setup for `_purgeOldFiles`
	+ minor tweaks in aliases.sh
	+ fixed issue with new devices not getting added to users.js
  > 2020-01-26: 4.0.6
    + get acRules based upon firmware (in end-of-hour)
	+ added logging to WriteConfigFile; changed logic to create js directory in SetWebDirectories (in start)
	+ replaced all non-alpha chars with _ in t_interfaces (rather than just -) in CalculateInterfaceTotals (in dailytotals)
	+ minor update to install.sh to follow symlinks when checking read permission 
	+ only log unmatched traffic if _logNoMatchingMac=1 (re-added to config.file; change in setupIPChains & check-network)
	+ added device traffic to live data file
	+ fixed issue with non-alpha characters in interface name (dailytotals)
	+ fixed issue with too long variable value (prompts)
	+ fixed issue(s) with missing values in config.file (defensively adding defaults) - (setPaths and elsewhere)
	+ fixed issue with incorrect interface totals in monthly data file
	+ added run-fixes.sh to manually launch /includes/fixes.sh; also added to aliases
	+ a number of tweaks in compare.sh
	+ fixed issue in block.sh for dd-wrt
  > 2019-12-23: 4.0.5
    + added block/unblock to aliases
	+ fixed a significant issue with interface totals
	+ added log messages; added JS to head of tmplogFile (in end of hour)
	+ added symlinks for day and hour logs  (in new-day)
	+ minor changes in setup
	+ added links to latest log and log for current day
	+ added CalculateInterfaceTotals; removed brace brackets around memory (in dailytotals)
  > 2019-11-24: 4.0.4
	+ added version # into the history of every .sh file (as above)
	+ added (Al specific) admin, housekeeping & backup functionality (uprev.sh)... you
	  won't see this on your routers but hopefully will have a better experience
	+ re-added /dev environment for v4
    + uprev'd the version because structure of hourly data file changed (traffic.sh)
	+ fixed spurious tar error messages in the log (end-of-day.sh)
	+ added web side and router side functionality to sync group names (check-network.sh)
	+ added web side and router side functionality for access restrictions (web site)
	+ first generally available version of access restrictions (block.sh, web site)
	 
  #to-do list 
	- testing testing testing... esp for access restrictions
	- re-build a lot of the report functionality
	- bugs???
